/home/vicari/Downloads/PROJECTS/python-projects/poder-judicial-project/backup-pj-no-similarity/poder-judicial-docs/backend/venv/lib/python3.12/site-packages/sklearn/utils/deprecation.py:132: FutureWarning: 'force_all_finite' was renamed to 'ensure_all_finite' in 1.6 and will be removed in 1.8.
  warnings.warn(
/home/vicari/Downloads/PROJECTS/python-projects/poder-judicial-project/backup-pj-no-similarity/poder-judicial-docs/backend/venv/lib/python3.12/site-packages/umap/umap_.py:1945: UserWarning: n_jobs value 1 overridden to 1 by setting random_state. Use no seed for parallelism.
  warn(f"n_jobs value {self.n_jobs} overridden to 1 by setting random_state. Use no seed for parallelism.")
/home/vicari/Downloads/PROJECTS/python-projects/poder-judicial-project/backup-pj-no-similarity/poder-judicial-docs/backend/venv/lib/python3.12/site-packages/sklearn/utils/deprecation.py:132: FutureWarning: 'force_all_finite' was renamed to 'ensure_all_finite' in 1.6 and will be removed in 1.8.
  warnings.warn(
/home/vicari/Downloads/PROJECTS/python-projects/poder-judicial-project/backup-pj-no-similarity/poder-judicial-docs/backend/venv/lib/python3.12/site-packages/sklearn/utils/deprecation.py:132: FutureWarning: 'force_all_finite' was renamed to 'ensure_all_finite' in 1.6 and will be removed in 1.8.
  warnings.warn(
/home/vicari/Downloads/PROJECTS/python-projects/poder-judicial-project/backup-pj-no-similarity/poder-judicial-docs/backend/venv/lib/python3.12/site-packages/sklearn/utils/deprecation.py:132: FutureWarning: 'force_all_finite' was renamed to 'ensure_all_finite' in 1.6 and will be removed in 1.8.
  warnings.warn(
/home/vicari/Downloads/PROJECTS/python-projects/poder-judicial-project/backup-pj-no-similarity/poder-judicial-docs/backend/venv/lib/python3.12/site-packages/umap/umap_.py:1945: UserWarning: n_jobs value 1 overridden to 1 by setting random_state. Use no seed for parallelism.
  warn(f"n_jobs value {self.n_jobs} overridden to 1 by setting random_state. Use no seed for parallelism.")
================================================================================
CLUSTER GRAPH REBUILD
================================================================================
Algorithm: hdbscan
Max documents: 277
Embedding type: enhanced_embedding
Mode: Synchronous

Starting cluster computation...
This may take several minutes.


================================================================================
✅ CLUSTER GRAPH REBUILT SUCCESSFULLY
================================================================================
Graph ID: 1
Documents: 241
Clusters: 9
Noise: 17
Computation time: 6.49 seconds
